{"total": {"lines":{"total":51,"covered":51,"skipped":0,"pct":100},"statements":{"total":54,"covered":53,"skipped":0,"pct":98.14},"functions":{"total":15,"covered":15,"skipped":0,"pct":100},"branches":{"total":24,"covered":20,"skipped":0,"pct":83.33},"branchesTrue":{"total":0,"covered":0,"skipped":0,"pct":100}}
,"/Users/gm/dev/personal/flashcards/web/src/components/add-note-form-context.ts": {"lines":{"total":5,"covered":5,"skipped":0,"pct":100},"functions":{"total":1,"covered":1,"skipped":0,"pct":100},"statements":{"total":5,"covered":5,"skipped":0,"pct":100},"branches":{"total":2,"covered":2,"skipped":0,"pct":100}}
,"/Users/gm/dev/personal/flashcards/web/src/components/add-note-form-provider.tsx": {"lines":{"total":9,"covered":9,"skipped":0,"pct":100},"functions":{"total":2,"covered":2,"skipped":0,"pct":100},"statements":{"total":9,"covered":9,"skipped":0,"pct":100},"branches":{"total":2,"covered":1,"skipped":0,"pct":50}}
,"/Users/gm/dev/personal/flashcards/web/src/pages/NoteTypeEditorRoutes.tsx": {"lines":{"total":37,"covered":37,"skipped":0,"pct":100},"functions":{"total":12,"covered":12,"skipped":0,"pct":100},"statements":{"total":40,"covered":39,"skipped":0,"pct":97.5},"branches":{"total":20,"covered":17,"skipped":0,"pct":85}}
}
