TN:
SF:src/components/add-note-form-context.ts
FN:20,useAddNoteFormContext
FNF:1
FNH:1
FNDA:8,useAddNoteFormContext
DA:18,1
DA:21,8
DA:23,8
DA:24,2
DA:27,5
LF:5
LH:5
BRDA:23,0,0,2
BRDA:23,0,1,6
BRF:2
BRH:2
end_of_record
TN:
SF:src/components/add-note-form-provider.tsx
FN:4,AddNoteFormProvider
FN:18,(anonymous_1)
FNF:2
FNH:2
FNDA:5,AddNoteFormProvider
FNDA:5,(anonymous_1)
DA:11,5
DA:12,5
DA:13,5
DA:14,5
DA:15,5
DA:16,5
DA:18,5
DA:19,5
DA:35,5
LF:9
LH:9
BRDA:12,0,0,5
BRDA:12,0,1,0
BRF:2
BRH:1
end_of_record
TN:
SF:src/pages/NoteTypeEditorRoutes.tsx
FN:13,EditorRouteState
FN:32,decodeNoteTypeName
FN:42,useCloseWithFallback
FN:45,(anonymous_3)
FN:55,useNoteTypeFromRoute
FN:57,(anonymous_5)
FN:64,(anonymous_6)
FN:74,FieldEditorRoute
FN:98,TemplateEditorRoute
FN:122,AddNoteFieldEditorRoutePage
FN:126,AddNoteTemplateEditorRoutePage
FN:130,TemplatesTemplateEditorRoutePage
FNF:12
FNH:12
FNDA:16,EditorRouteState
FNDA:11,decodeNoteTypeName
FNDA:19,useCloseWithFallback
FNDA:2,(anonymous_3)
FNDA:19,useNoteTypeFromRoute
FNDA:11,(anonymous_5)
FNDA:5,(anonymous_6)
FNDA:10,FieldEditorRoute
FNDA:9,TemplateEditorRoute
FNDA:6,AddNoteFieldEditorRoutePage
FNDA:4,AddNoteTemplateEditorRoutePage
FNDA:1,TemplatesTemplateEditorRoutePage
DA:14,16
DA:33,11
DA:35,11
DA:36,11
DA:38,1
DA:43,19
DA:45,19
DA:46,2
DA:47,1
DA:48,1
DA:51,1
DA:56,19
DA:57,19
DA:59,19
DA:64,19
DA:66,19
DA:75,10
DA:76,10
DA:78,10
DA:79,6
DA:82,4
DA:83,1
DA:86,3
DA:87,2
DA:95,1
DA:99,9
DA:100,9
DA:102,9
DA:103,5
DA:106,4
DA:107,1
DA:110,3
DA:111,1
DA:119,2
DA:123,6
DA:127,4
DA:131,1
LF:37
LH:37
BRDA:33,0,0,0
BRDA:33,0,1,11
BRDA:46,1,0,1
BRDA:46,1,1,1
BRDA:78,2,0,6
BRDA:78,2,1,4
BRDA:82,3,0,1
BRDA:82,3,1,3
BRDA:86,4,0,2
BRDA:86,4,1,1
BRDA:89,5,0,2
BRDA:89,5,1,0
BRDA:102,6,0,5
BRDA:102,6,1,4
BRDA:106,7,0,1
BRDA:106,7,1,3
BRDA:110,8,0,1
BRDA:110,8,1,2
BRDA:113,9,0,1
BRDA:113,9,1,0
BRF:20
BRH:17
end_of_record
